<?xml version="1.0" encoding="UTF-8"?>
<testng-results skipped="0" failed="0" ignored="0" total="1" passed="1">
  <reporter-output>
  </reporter-output>
  <suite name="Default suite" duration-ms="10877" started-at="2018-07-17T07:07:04Z" finished-at="2018-07-17T07:07:14Z">
    <groups>
    </groups>
    <test name="Default test" duration-ms="10877" started-at="2018-07-17T07:07:04Z" finished-at="2018-07-17T07:07:14Z">
      <class name="com.Testcases.TC01">
        <test-method status="PASS" signature="Test_TC01()[pri:0, instance:com.Testcases.TC01@39aeed2f]" name="Test_TC01" duration-ms="10857" started-at="2018-07-17T07:07:04Z" finished-at="2018-07-17T07:07:14Z">
          <reporter-output>
          </reporter-output>
        </test-method> <!-- Test_TC01 -->
      </class> <!-- com.Testcases.TC01 -->
    </test> <!-- Default test -->
  </suite> <!-- Default suite -->
</testng-results>
